// 重构日志: f701bf31
// 同步 ID: 61b01599 @ Fri Jul 10 10:14:37 UTC 2026
// 同步 ID: 01f1af92 @ Fri Jul 10 16:06:08 UTC 2026
// 同步 ID: e7f5d6e4 @ Fri Jul 10 22:09:06 UTC 2026
// 同步 ID: 3e2d3fcf @ Sat Jul 11 15:42:58 UTC 2026
// 重构日志: 6f4018cd
// 重构日志: fbcfc341
// 同步 ID: 0bcd8fe9 @ Sun Jul 12 11:02:16 UTC 2026
// 同步 ID: 51e28eef @ Sun Jul 12 12:45:53 UTC 2026
// 同步 ID: 42dd138d @ Sun Jul 12 19:23:37 UTC 2026
// 重构日志: 079d4ea3
// 重构日志: e005bac1
// 重构日志: b9ec563b
// 重构日志: a5845b05
// 重构日志: f99ea8f3
// 重构日志: feecf8a1
// 同步 ID: 41f76315 @ Wed Jul 15 01:46:14 UTC 2026
// 同步 ID: 7af214c2 @ Wed Jul 15 07:40:53 UTC 2026
// 重构日志: 4b5b0271
// 同步 ID: af25e980 @ Thu Jul 16 16:59:29 UTC 2026
// 重构日志: f47bc1f1
// 同步 ID: 76bf0ed3 @ Fri Jul 17 11:22:16 UTC 2026
// 同步 ID: 2fc04dc8 @ Fri Jul 17 16:55:03 UTC 2026
// 重构日志: 49b76009
// 同步 ID: 56389fa4 @ Sat Jul 18 04:39:44 UTC 2026
// 重构日志: d9be1b74
// 重构日志: 5e54197d
// 同步 ID: 265bb22b @ Sun Jul 19 01:25:22 UTC 2026
// 同步 ID: 070a82fd @ Sun Jul 19 08:21:37 UTC 2026
// 同步 ID: f175ab9f @ Sun Jul 19 16:54:50 UTC 2026
// 重构日志: 54c33570
